
ROM used: 30472 (93%)
          30474 (93%) including unused fragments

          2 Average locations per line
          15 Average locations per statement

RAM used: 751 (37%) at main() level
          944 (46%) worst case

Stack used: 15 worst case (out of 31 total available)

Lines Stmts  %   Files
----- ----- ---  -----
  308    80   4  PIC WebServer.c
  451     0   0  C:\Program Files (x86)\PICC\Devices\18F4550.h
  251    81   4  LCD420PIC18F_RyP.c
  550    71   4  tcpip\stacktsk.c
  538     0   0  tcpip\stacktsk.h
  253     0   0  tcpip\pic18.h
  123     0   0  tcpip\hardware.h
  409     0   0  C:\Program Files (x86)\PICC\Drivers\string.h
   28     0   0  C:\Program Files (x86)\PICC\Drivers\stddef.h
   28     0   0  C:\Program Files (x86)\PICC\Drivers\ctype.h
 1273   359  18  C:\Program Files (x86)\PICC\Drivers\stdlib.h
  279    49   2  tcpip\helpers.c
   65     0   0  tcpip\helpers.h
  222     0   0  tcpip\mac.h
  538     0   0  tcpip\StackTsk.h
  726     0   0  tcpip\ENC28J60.h
  155    15   1  tcpip\tick.c
  148     0   0  tcpip\tick.h
 2231   325  16  tcpip\enc28j60.c
   65     0   0  tcpip\Helpers.h
  222     0   0  tcpip\MAC.h
   64     0   0  tcpip\http.h
  307    39   2  tcpip\ip.c
  258     0   0  tcpip\ip.h
 1933   572  29  tcpip\tcp.c
  408     0   0  tcpip\tcp.h
  257    31   2  tcpip\icmp.c
  151     0   0  tcpip\icmp.h
  213    31   2  tcpip\arptsk.c
  118     0   0  tcpip\arp.h
  128     0   0  tcpip\arptsk.h
  243    52   3  tcpip\arp.c
  882   297  15  tcpip\http.c
----- -----
13825  2002 Total

Page ROM  %  RAM   Vol Diff  Functions:
---- --- --- ---   --- ----  ----------
0     30   0   7             @READ_PROGRAM_MEMORY
0     40   0   1             @delay_ms1
0     30   0   0             @const68
0     72   0   1   328  2.7  lcd_send_nibble
0     54   0   1   362  2.3  lcd_read_nibble
0     40   0   3   165  3.3  lcd_read_byte
0     78   0   3   319  4.1  lcd_send_byte
0    122   0   2   384  4.4  lcd_init
0     86   0   3   426  5.5  lcd_gotoxy
0     44   0   0             @goto10112
0    116   0   1   385  5.9  lcd_putc
0    202   0  12   485  7.8  memmove
0    128   0  10   318  6.5  strncpy
0    130   0   5   231  6.6  strcmp
0     68   0   8   264  6.8  memchr
0    122   0   9   288  6.0  strpbrk
0    144   0   9   346  7.5  strspn
0    178   0  10   475  7.2  strtok
0     58   0   5   129  4.6  strlen
0    264   0   6   436  7.9  stricmp
0     84   0   6             @MULS1616
0    544   1  11  1817 10.4  atol
0     94   0  14             @MUL3232
0    876   1  52  2308 12.4  strtoul
0    116   0   4   101  3.8  rand
0     72   0   5             @DIV1616
0     20   0   4    39  2.1  srand
0     22   0   4   178  3.0  swaps
0     34   0   8   325  3.2  swapl
0    238   0  20   989  9.4  CalcIPChecksum
0     22   0   0   138  2.9  TickInit
0     26   0   2    86  2.1  TickGet
0     32   0   0   230  1.8  Tick_Isr
0     28   0   0    90  1.7  ENCSPIInit
0     16   0   1    38  1.4  ENCSPIXfer
0    462   1   2  3878 11.2  MACInit
0     24   0   2    91  2.7  MACIsTxReady
0     28   0   2   118  3.9  MACGetTxBuffer
0      2   0   1    22  1.0  MACDiscardTx
0    108   0   2   636  7.5  MACDiscardRx
0    278   0   6  1307  9.3  MACGetFreeRxSize
0    312   1  26  1894 10.6  MACGetHeader
0    190   0   8   989  9.0  MACPutHeader
0    500   1   2  2697 11.5  MACFlush
0    124   0   6   692  7.2  MACSetRxBuffer
0    138   0   6   576  6.5  MACSetTxBuffer
0    248   0   8  1582  9.2  MACCalcRxChecksum
0    200   0   8   908  8.1  MACCalcTxChecksum
0    328   1   6  1772 10.9  CalcIPBufferChecksum
0     44   0   1   151  2.9  MACGet
0    100   0   8   281  5.5  MACGetArray
0     30   0   1   110  2.1  MACPut
0     78   0   5   187  4.4  MACPutArray
0     22   0   0    84  2.0  SendSystemReset
0     42   0   3   158  3.1  ReadETHReg
0     50   0   3   183  3.0  ReadMACReg
0    140   0   4   444  4.3  ReadPHYReg
0     30   0   3   123  2.8  WriteReg
0     30   0   3   123  2.8  BFCReg
0     30   0   3   123  2.8  BFSReg
0    110   0   6   322  4.7  WritePHYReg
0     42   0   5   149  4.7  BankSel
0    160   0   5   647  6.3  MACSetDuplex
0    232   0  32   857  7.7  IPGetHeader
0    300   0  29  1184  7.5  IPPutHeader
0     26   0   4    33  1.7  IPSetRxBuffer
0    224   0   6   183  1.9  SwapIPHeader
0    326   1   5  1194  8.7  TCPInit
0    252   0   7   761  7.6  TCPListen
0     42   0   3    53  3.0  TCPIsConnected
0    324   1  17   497  6.9  TCPDisconnect
0    458   1  20   635  7.1  TCPFlush
0    158   0   3   197  4.0  TCPIsPutReady
0    252   0   7   414  7.3  TCPPutAvailable
0    330   1   8   790  9.0  TCPPut
0     78   0   5   200  5.1  TCPDiscard
0    230   0   7   506  6.9  TCPGet
0     44   0   3    52  2.6  TCPIsGetReady
0   1202   2  22  3595 15.7  TCPTick
0     54   0   0             @goto12211
0    446   1  46  1562  9.6  TCPProcess
0    558   1  58  3289 11.6  TransmitTCP
0    478   1  12  1233  9.4  FindMatching_TCP_Socket
0    550   1   8   409  2.9  SwapTCPHeader
0    260   0   4   723  5.3  CloseSocket
0   2770   5  36  7845 13.9  HandleTCPSeg
0    220   0  89   711  7.5  ICMPGet
0    286   0  87  1247  7.7  ICMPPut
0    224   0   6   203  2.0  SwapICMPPacket
0     32   0   0   414  2.8  ARPInit
0    154   0  11   511  8.0  ARPProcess
0    228   0  34   803  7.6  ARPGet
0    408   1  36  1689  7.9  ARPPut
0    212   0   6   180  2.1  SwapARPPacket
0     68   0   0             @const1418
0     74   0   0             @const1420
0    236   0  12   626  8.4  http_escape_chars
0    168   0  13   618  6.8  http_parse_cgi_string
0      8   0   1    25  1.6  set_tcp_http_putc
0     14   0   1    42  2.1  tcp_http_putc
0    194   0  11   525  6.8  TCPPutFileVarChunk
0    406   1  20   944  7.9  TCPPutFileParseConst
0    216   0  12   746  7.4  TCPPutFileConstChunk
0     44   0   5    88  2.5  TCPPutFileConstGetEscape
0    820   1  18  2192 11.2  tcp_http_put_file
0     14   0   0             @const1505
0     42   0   3             @PSTRINGCN_1455
0    190   0   9             @PRINTF_LU_1455
0     10   0   0             @const1511
0     32   0   2             @PSTRINGC_1455
0     14   0   0             @const1513
0     18   0   0             @const1514
0     38   0   2             @PSTRINGR_1455
0     10   0   0             @const1517
0      6   0   0             @const1518
0    106   0   3   386  5.1  HTTP_Init
0   3176   5  14  7904 16.1  HTTP_Task
0     22   0   0   162  2.2  StackInit
0    432   1   8  2602 10.8  StackTask
0     50   0   0             @goto13147
0    596   1   0             @const1569
0    348   1   0             @const1571
0     26   0   0   333  2.8  MACAddrInit
0     44   0   0   751  2.9  IPAddrInit
0    248   0   7   494  5.5  http_get_page
0     14   0   0             @const1578
0     42   0   3             @PSTRINGCN_91
0     38   0   2             @PSTRINGR_91
0     12   0   0             @const1582
0    128   0  13             @DIV3232
0    198   0  12             @PRINTF_L32U_91
0     18   0   0             @const1588
0     32   0   2             @PSTRINGC_91
0    244   0  33   766  7.8  http_format_char
0     34   0   1             @SPRINTF
0     72   0   2             @PRINTF_X_1596
0     44   0   3             @DIV88
0    228   0   6             @PRINTF_D_1596
0    244   0   9   744  4.9  http_exec_cgi
0     14   0   0             @const1612
0    288   0  12             @PRINTF_L32D_91
0      8   0   0             @const1615
0      8   0   0             @const1616
0   1366   2   1   652  3.3  main
0     22   0   0             @const1620
0     20   0   0             @const1621
0    130   0   2             @PRINTF_U_91
0     14   0   0             @const1625

Program metrics:
    Functions               105
    Statements              2002
    Comments                8779
    Volume (V)              160367
    Difficilty (D)          626.6
    Effort to implement (E) 100481052
    Time to implement (T)   1550 hours, 38 minutes
    Est Delivered Bugs (B)  72
    Cyclomatic Complexity   294
    Maintainability (MI)    134

 Segment     Used  Free
-----------  ----  ----
00000-00002     4  0  
00004-00006     2  2  
00008-00094   142  0  
00096-07FFE  30324  2294  



