Added Component: Designator=Boot(Nut Nhan 2 Chan SMD 3x6x2.5)
Added Component: Designator=J1(KF4-7.62)
Added Component: Designator=J2(KF3-7.62)
Added Component: Designator=JP1(JP 1x5 CT)
Added Component: Designator=JP2(JP 1x4 DT)
Added Component: Designator=PS(Nguon HI-LINK 5M05)
Added Component: Designator=R1(tro smd 0603)
Added Component: Designator=R2(tro smd 0603)
Added Component: Designator=R3(tro smd 0603)
Added Component: Designator=R4(tro smd 0603)
Added Component: Designator=R5(tro smd 0603)
Added Component: Designator=R6(tro smd 0603)
Added Component: Designator=R7(tro smd 0603)
Added Component: Designator=R8(tro smd 0603)
Added Component: Designator=Reset(Nut Nhan 2 Chan SMD 3x6x2.5)
Added Component: Designator=U1(ESP8266 12)
Added Component: Designator=U2(SOT223)
Added Pin To Net: NetName=0V Pin=Boot-2
Added Pin To Net: NetName=0V Pin=J1-4
Added Pin To Net: NetName=0V Pin=JP1-2
Added Pin To Net: NetName=0V Pin=JP2-1
Added Pin To Net: NetName=0V Pin=PS-3
Added Pin To Net: NetName=0V Pin=R4-2
Added Pin To Net: NetName=0V Pin=Reset-2
Added Pin To Net: NetName=0V Pin=U1-15
Added Pin To Net: NetName=0V Pin=U2-1
Added Net: Name=0V
Added Pin To Net: NetName=3V3 Pin=JP1-5
Added Pin To Net: NetName=3V3 Pin=R1-1
Added Pin To Net: NetName=3V3 Pin=R2-1
Added Pin To Net: NetName=3V3 Pin=R3-1
Added Pin To Net: NetName=3V3 Pin=R5-1
Added Pin To Net: NetName=3V3 Pin=R6-2
Added Pin To Net: NetName=3V3 Pin=R7-2
Added Pin To Net: NetName=3V3 Pin=R8-2
Added Pin To Net: NetName=3V3 Pin=U1-8
Added Pin To Net: NetName=3V3 Pin=U2-2
Added Net: Name=3V3
Added Pin To Net: NetName=5V Pin=JP1-1
Added Pin To Net: NetName=5V Pin=JP2-2
Added Pin To Net: NetName=5V Pin=PS-4
Added Pin To Net: NetName=5V Pin=U2-3
Added Net: Name=5V
Added Pin To Net: NetName=A Pin=J1-3
Added Pin To Net: NetName=A Pin=R6-1
Added Pin To Net: NetName=A Pin=U1-5
Added Net: Name=A
Added Pin To Net: NetName=B. Pin=J1-2
Added Pin To Net: NetName=B. Pin=R7-1
Added Pin To Net: NetName=B. Pin=U1-6
Added Net: Name=B.
Added Pin To Net: NetName=C Pin=J1-1
Added Pin To Net: NetName=C Pin=R8-1
Added Pin To Net: NetName=C Pin=U1-7
Added Net: Name=C
Added Pin To Net: NetName=EN Pin=R3-2
Added Pin To Net: NetName=EN Pin=U1-3
Added Net: Name=EN
Added Pin To Net: NetName=GPIO0 Pin=Boot-1
Added Pin To Net: NetName=GPIO0 Pin=R1-2
Added Pin To Net: NetName=GPIO0 Pin=U1-18
Added Net: Name=GPIO0
Added Pin To Net: NetName=GPIO2 Pin=R2-2
Added Net: Name=GPIO2
Added Pin To Net: NetName=NetJ2_1 Pin=J2-1
Added Pin To Net: NetName=NetJ2_1 Pin=PS-2
Added Net: Name=NetJ2_1
Added Pin To Net: NetName=NetJ2_3 Pin=J2-3
Added Pin To Net: NetName=NetJ2_3 Pin=PS-1
Added Net: Name=NetJ2_3
Added Pin To Net: NetName=NetR4_1 Pin=R4-1
Added Pin To Net: NetName=NetR4_1 Pin=U1-16
Added Net: Name=NetR4_1
Added Pin To Net: NetName=RST Pin=R5-2
Added Pin To Net: NetName=RST Pin=Reset-1
Added Pin To Net: NetName=RST Pin=U1-1
Added Net: Name=RST
Added Pin To Net: NetName=RX Pin=JP1-3
Added Pin To Net: NetName=RX Pin=U1-21
Added Net: Name=RX
Added Pin To Net: NetName=SCL Pin=JP2-4
Added Pin To Net: NetName=SCL Pin=U1-20
Added Net: Name=SCL
Added Pin To Net: NetName=SDA Pin=JP2-3
Added Pin To Net: NetName=SDA Pin=U1-19
Added Net: Name=SDA
Added Pin To Net: NetName=TX Pin=JP1-4
Added Pin To Net: NetName=TX Pin=U1-22
Added Net: Name=TX
Added Class: Name=Bodem_Sch
Added Room: Name=Bodem_Sch
