Removed Pin From Net: NetName=NetJ2_1 Pin=J2-1
Removed Pin From Net: NetName=NetJ2_3 Pin=J2-3
Removed Pin From Net: NetName=NetJ2_3 Pin=PS-1
Removed Pin From Net: NetName=NetJ2_1 Pin=PS-2
Removed Pin From Net: NetName=0V Pin=PS-3
Removed Pin From Net: NetName=5V Pin=PS-4
Removed Member From Class: ClassName=Bodem_Sch Member=PS
Change Component Description : Designator=JP1 Old Description=C?m New Description=C?m
Change Component Description : Designator=JP2 Old Description=C?m New Description=C?m
Added Component: Designator=B1(HLKPM01)
Added Pin To Net: NetName=NetJ2_1 Pin=B1-1
Added Pin To Net: NetName=NetJ2_3 Pin=B1-2
Added Pin To Net: NetName=0V Pin=B1-3
Added Pin To Net: NetName=5V Pin=B1-4
Added Pin To Net: NetName=NetJ2_3 Pin=J2-1
Added Pin To Net: NetName=NetJ2_1 Pin=J2-3
Change Net Name : Old Net Name=NetJ2_1 New Net Name=NetB1_1
Change Net Name : Old Net Name=NetJ2_3 New Net Name=NetB1_2
Added Member To Class: ClassName=Bodem_Sch Member=Component B1 HLK-PM01
Added Room: Name=Bodem_Sch
