Added Component: Designator=Boot(Nut Nhan 2 Chan SMD 3x6x2.5)
Added Component: Designator=C1(tu 0603)
Added Component: Designator=C2(tu 0603)
Added Component: Designator=J1(KF4-7.62)
Added Component: Designator=J2(KF3-7.62)
Added Component: Designator=JP1(JP 1x5 CT)
Added Component: Designator=JP2(JP 1x4 DT)
Added Component: Designator=PS(Nguon HI-LINK 5M05)
Added Component: Designator=R1(tro smd 0603)
Added Component: Designator=R2(tro smd 0603)
Added Component: Designator=R3(tro smd 0603)
Added Component: Designator=R4(tro smd 0603)
Added Component: Designator=R5(tro smd 0603)
Added Component: Designator=R6(tro smd 0603)
Added Component: Designator=R7(tro smd 0603)
Added Component: Designator=R8(tro smd 0603)
Added Component: Designator=Reset(Nut Nhan 2 Chan SMD 3x6x2.5)
Added Component: Designator=U1(ESP8266 12)
Added Component: Designator=U2(SOT223)
Added Pin To Net: NetName=GPIO0 Pin=Boot-1
Added Pin To Net: NetName=0V Pin=Boot-2
Added Pin To Net: NetName=5V Pin=C1-1
Added Pin To Net: NetName=0V Pin=C1-2
Added Pin To Net: NetName=3V3 Pin=C2-1
Added Pin To Net: NetName=0V Pin=C2-2
Added Pin To Net: NetName=C Pin=J1-1
Added Pin To Net: NetName=B. Pin=J1-2
Added Pin To Net: NetName=A Pin=J1-3
Added Pin To Net: NetName=0V Pin=J1-4
Added Pin To Net: NetName=NetJ2_1 Pin=J2-1
Added Pin To Net: NetName=NetJ2_3 Pin=J2-3
Added Pin To Net: NetName=5V Pin=JP1-1
Added Pin To Net: NetName=0V Pin=JP1-2
Added Pin To Net: NetName=RX Pin=JP1-3
Added Pin To Net: NetName=TX Pin=JP1-4
Added Pin To Net: NetName=3V3 Pin=JP1-5
Added Pin To Net: NetName=0V Pin=JP2-1
Added Pin To Net: NetName=5V Pin=JP2-2
Added Pin To Net: NetName=SDA Pin=JP2-3
Added Pin To Net: NetName=SCL Pin=JP2-4
Added Pin To Net: NetName=NetJ2_3 Pin=PS-1
Added Pin To Net: NetName=NetJ2_1 Pin=PS-2
Added Pin To Net: NetName=0V Pin=PS-3
Added Pin To Net: NetName=5V Pin=PS-4
Added Pin To Net: NetName=3V3 Pin=R1-1
Added Pin To Net: NetName=GPIO0 Pin=R1-2
Added Pin To Net: NetName=3V3 Pin=R2-1
Added Pin To Net: NetName=GPIO2 Pin=R2-2
Added Pin To Net: NetName=3V3 Pin=R3-1
Added Pin To Net: NetName=EN Pin=R3-2
Added Pin To Net: NetName=NetR4_1 Pin=R4-1
Added Pin To Net: NetName=0V Pin=R4-2
Added Pin To Net: NetName=3V3 Pin=R5-1
Added Pin To Net: NetName=RST Pin=R5-2
Added Pin To Net: NetName=A Pin=R6-1
Added Pin To Net: NetName=3V3 Pin=R6-2
Added Pin To Net: NetName=B. Pin=R7-1
Added Pin To Net: NetName=3V3 Pin=R7-2
Added Pin To Net: NetName=C Pin=R8-1
Added Pin To Net: NetName=3V3 Pin=R8-2
Added Pin To Net: NetName=RST Pin=Reset-1
Added Pin To Net: NetName=0V Pin=Reset-2
Added Pin To Net: NetName=RST Pin=U1-1
Added Pin To Net: NetName=EN Pin=U1-3
Added Pin To Net: NetName=A Pin=U1-5
Added Pin To Net: NetName=B. Pin=U1-6
Added Pin To Net: NetName=C Pin=U1-7
Added Pin To Net: NetName=3V3 Pin=U1-8
Added Pin To Net: NetName=0V Pin=U1-15
Added Pin To Net: NetName=NetR4_1 Pin=U1-16
Added Pin To Net: NetName=GPIO2 Pin=U1-17
Added Pin To Net: NetName=GPIO0 Pin=U1-18
Added Pin To Net: NetName=SDA Pin=U1-19
Added Pin To Net: NetName=SCL Pin=U1-20
Added Pin To Net: NetName=RX Pin=U1-21
Added Pin To Net: NetName=TX Pin=U1-22
Added Pin To Net: NetName=0V Pin=U2-1
Added Pin To Net: NetName=3V3 Pin=U2-2
Added Pin To Net: NetName=5V Pin=U2-3
Added Member To Class: ClassName=Bodem_Sch Member=Component Boot Nut Nhan 2 Chan SMD 3x6x2.5
Added Member To Class: ClassName=Bodem_Sch Member=Component C1 103
Added Member To Class: ClassName=Bodem_Sch Member=Component C2 103
Added Member To Class: ClassName=Bodem_Sch Member=Component J1 Input
Added Member To Class: ClassName=Bodem_Sch Member=Component J2 Nguon AC220
Added Member To Class: ClassName=Bodem_Sch Member=Component JP1 ESP-12E
Added Member To Class: ClassName=Bodem_Sch Member=Component JP2 LCD_I2C
Added Member To Class: ClassName=Bodem_Sch Member=Component PS Nguon Hi-Link HLK-5M05
Added Member To Class: ClassName=Bodem_Sch Member=Component R1 10k
Added Member To Class: ClassName=Bodem_Sch Member=Component R2 10k
Added Member To Class: ClassName=Bodem_Sch Member=Component R3 10k
Added Member To Class: ClassName=Bodem_Sch Member=Component R4 10k
Added Member To Class: ClassName=Bodem_Sch Member=Component R5 10k
Added Member To Class: ClassName=Bodem_Sch Member=Component R6 10k
Added Member To Class: ClassName=Bodem_Sch Member=Component R7 10k
Added Member To Class: ClassName=Bodem_Sch Member=Component R8 10k
Added Member To Class: ClassName=Bodem_Sch Member=Component Reset Nut Nhan 2 Chan SMD 3x6x2.5
Added Member To Class: ClassName=Bodem_Sch Member=Component U1 ESP8266 12
Added Member To Class: ClassName=Bodem_Sch Member=Component U2 LM1117-3.3V
Added Room: Name=Bodem_Sch
